[00:09:28] [Server thread/INFO]: Villager Villager['Toolsmith'/28477, uuid='adfc3e44-df71-4525-9d51-9550e0d05463', l='ServerLevel[world]', x=481.59, y=63.56, z=-139.30, cpos=[30, -9], tl=30620, v=true] died, message: 'Toolsmith burned to death'
[00:17:09] [Server thread/INFO]: Simnov lost connection: Disconnected
[00:17:09] [Server thread/INFO]: Simnov left the game
[00:53:30] [Server thread/INFO]: Pikemaruya lost connection: Disconnected
[00:53:30] [Server thread/INFO]: Pikemaruya left the game
[01:44:14] [User Authenticator #7/INFO]: UUID of player Simnov is 04527486-bdab-39c2-a258-3655a03e914a
[01:44:15] [Server thread/INFO]: Simnov joined the game
[01:44:15] [Server thread/INFO]: Simnov[/127.46.119.169:45333] logged in with entity id 55682 at ([world]472.8931142354083, 63.0, -155.95380983249765)
[01:49:17] [Server thread/INFO]: Simnov lost connection: Disconnected
[01:49:17] [Server thread/INFO]: Simnov left the game
[01:49:36] [Server thread/INFO]: Stopping the server
[01:49:36] [Server thread/INFO]: Stopping server
[01:49:36] [Server thread/INFO]: [SkinsRestorer] Disabling SkinsRestorer v15.7.7
[01:49:36] [Server thread/INFO]: [Geyser-Spigot] Disabling Geyser-Spigot v2.8.2-SNAPSHOT
[01:49:36] [Server thread/INFO]: [Geyser-Spigot] Shutting down Geyser.
[01:49:36] [Server thread/INFO]: [Geyser-Spigot] Geyser shutdown successfully.
[01:49:36] [Server thread/INFO]: [ViaVersion] Disabling ViaVersion v5.4.1
[01:49:36] [Server thread/INFO]: [ViaVersion] ViaVersion has been disabled; uninjected the platform and shut down the scheduler.
[01:49:36] [Server thread/INFO]: [floodgate] Disabling floodgate v2.2.4-SNAPSHOT (b117-b469c0c)
[01:49:36] [WebSocketConnectReadThread-609/INFO]: [Geyser-Spigot] The skin uploader has been closed
[01:49:36] [Server thread/INFO]: Saving players
[01:49:36] [Server thread/INFO]: Saving worlds
[01:49:36] [Server thread/INFO]: Saving chunks for level 'ServerLevel[world]'/minecraft:overworld
[01:49:36] [Server thread/INFO]: [ChunkHolderManager] Waiting 60s for chunk system to halt for world 'world'
[01:49:36] [Server thread/INFO]: [ChunkHolderManager] Halted chunk system for world 'world'
[01:49:36] [Server thread/INFO]: [ChunkHolderManager] Saving all chunkholders for world 'world'
[01:49:37] [Server thread/INFO]: [ChunkHolderManager] Saved 5 block chunks, 80 entity chunks, 0 poi chunks in world 'world' in 0.32s
[01:49:37] [Server thread/INFO]: [ChunkHolderManager] Waiting 60s for chunk I/O to halt for world 'world'
[01:49:37] [Server thread/INFO]: [ChunkHolderManager] Halted I/O scheduler for world 'world'
[01:49:37] [Server thread/INFO]: Saving chunks for level 'ServerLevel[world_nether]'/minecraft:the_nether
[01:49:37] [Server thread/INFO]: [ChunkHolderManager] Waiting 60s for chunk system to halt for world 'world_nether'
[01:49:37] [Server thread/INFO]: [ChunkHolderManager] Halted chunk system for world 'world_nether'
[01:49:37] [Server thread/INFO]: [ChunkHolderManager] Saving all chunkholders for world 'world_nether'
[01:49:37] [Server thread/INFO]: [ChunkHolderManager] Saved 12 block chunks, 108 entity chunks, 0 poi chunks in world 'world_nether' in 0.18s
[01:49:37] [Server thread/INFO]: [ChunkHolderManager] Waiting 60s for chunk I/O to halt for world 'world_nether'
[01:49:37] [Server thread/INFO]: [ChunkHolderManager] Halted I/O scheduler for world 'world_nether'
[01:49:37] [Server thread/INFO]: Saving chunks for level 'ServerLevel[world_the_end]'/minecraft:the_end
[01:49:37] [Server thread/INFO]: [ChunkHolderManager] Waiting 60s for chunk system to halt for world 'world_the_end'
[01:49:37] [Server thread/INFO]: [ChunkHolderManager] Halted chunk system for world 'world_the_end'
[01:49:37] [Server thread/INFO]: [ChunkHolderManager] Saving all chunkholders for world 'world_the_end'
[01:49:37] [Server thread/INFO]: [ChunkHolderManager] Saved 1 block chunks, 41 entity chunks, 0 poi chunks in world 'world_the_end' in 0.12s
[01:49:37] [Server thread/INFO]: [ChunkHolderManager] Waiting 60s for chunk I/O to halt for world 'world_the_end'
[01:49:37] [Server thread/INFO]: [ChunkHolderManager] Halted I/O scheduler for world 'world_the_end'
[01:49:38] [Server thread/INFO]: ThreadedAnvilChunkStorage (world): All chunks are saved
[01:49:38] [Server thread/INFO]: ThreadedAnvilChunkStorage (DIM-1): All chunks are saved
[01:49:38] [Server thread/INFO]: ThreadedAnvilChunkStorage (DIM1): All chunks are saved
[01:49:38] [Server thread/INFO]: ThreadedAnvilChunkStorage: All dimensions are saved
[01:49:38] [Server thread/INFO]: Waiting for all RegionFile I/O tasks to complete...
[01:49:38] [Server thread/INFO]: All RegionFile I/O tasks to complete
[01:49:38] [Server thread/INFO]: [MoonriseCommon] Awaiting termination of worker pool for up to 60s...
[01:49:38] [Server thread/INFO]: [MoonriseCommon] Awaiting termination of I/O pool for up to 60s...
